\BOOKMARK [1][-]{section*.2}{\376\377\000I\000n\000s\000t\000r\000u\000c\000c\000i\000o\000n\000e\000s}{}% 1
\BOOKMARK [1][-]{section*.3}{\376\377\000S\000o\000l\000u\000c\000i\000o\000n\000e\000s}{}% 2
\BOOKMARK [2][-]{section*.4}{\376\377\000E\000j\000e\000r\000c\000i\000c\000i\000o\000\040\0001}{section*.3}% 3
\BOOKMARK [3][-]{section*.5}{\376\377\000P\000r\000o\000b\000l\000e\000m\000a\000\040\0008\000.\0002}{section*.4}% 4
\BOOKMARK [3][-]{section*.6}{\376\377\000P\000r\000o\000b\000l\000e\000m\000a\000\040\0008\000.\0004}{section*.4}% 5
\BOOKMARK [2][-]{section*.7}{\376\377\000E\000j\000e\000r\000c\000i\000c\000i\000o\000\040\0002}{section*.3}% 6
\BOOKMARK [3][-]{section*.8}{\376\377\000E\000j\000e\000r\000c\000i\000c\000i\000o\000\040\0002\000.\000a}{section*.7}% 7
\BOOKMARK [3][-]{section*.9}{\376\377\000E\000j\000e\000r\000c\000i\000c\000i\000o\000\040\0002\000.\000b}{section*.7}% 8
\BOOKMARK [3][-]{section*.10}{\376\377\000E\000j\000e\000r\000c\000i\000c\000i\000o\000\040\0002\000.\000c}{section*.7}% 9
\BOOKMARK [3][-]{section*.11}{\376\377\000E\000j\000e\000r\000c\000i\000c\000i\000o\000\040\0002\000.\000d}{section*.7}% 10
\BOOKMARK [3][-]{section*.12}{\376\377\000E\000j\000e\000r\000c\000i\000c\000i\000o\000\040\0002\000.\000e}{section*.7}% 11
\BOOKMARK [3][-]{section*.13}{\376\377\000E\000j\000e\000r\000c\000i\000c\000i\000o\000\040\0002\000.\000f}{section*.7}% 12
\BOOKMARK [3][-]{section*.14}{\376\377\000E\000j\000e\000r\000c\000i\000c\000i\000o\000\040\0002\000.\000g}{section*.7}% 13
\BOOKMARK [3][-]{section*.15}{\376\377\000E\000j\000e\000r\000c\000i\000c\000i\000o\000\040\0002\000.\000h}{section*.7}% 14
\BOOKMARK [2][-]{section*.16}{\376\377\000E\000j\000e\000r\000c\000i\000c\000i\000o\000\040\0003}{section*.3}% 15
\BOOKMARK [3][-]{section*.17}{\376\377\000E\000j\000e\000r\000c\000i\000c\000i\000o\000\040\0003\000.\000a}{section*.16}% 16
\BOOKMARK [3][-]{section*.18}{\376\377\000E\000j\000e\000r\000c\000i\000c\000i\000o\000\040\0003\000.\000b}{section*.16}% 17
\BOOKMARK [3][-]{section*.19}{\376\377\000E\000j\000e\000r\000c\000i\000c\000i\000o\000\040\0003\000.\000c}{section*.16}% 18
\BOOKMARK [3][-]{section*.20}{\376\377\000E\000j\000e\000r\000c\000i\000c\000i\000o\000\040\0003\000.\000d}{section*.16}% 19
\BOOKMARK [3][-]{section*.21}{\376\377\000E\000j\000e\000r\000c\000i\000c\000i\000o\000\040\0003\000.\000e}{section*.16}% 20
\BOOKMARK [3][-]{section*.22}{\376\377\000E\000j\000e\000r\000c\000i\000c\000i\000o\000\040\0003\000.\000f}{section*.16}% 21
\BOOKMARK [3][-]{section*.23}{\376\377\000E\000j\000e\000r\000c\000i\000c\000i\000o\000\040\0003\000.\000g}{section*.16}% 22
\BOOKMARK [2][-]{section*.24}{\376\377\000E\000j\000e\000r\000c\000i\000c\000i\000o\000\040\0004}{section*.3}% 23
\BOOKMARK [3][-]{section*.25}{\376\377\000E\000j\000e\000r\000c\000i\000c\000i\000o\000\040\0004\000.\000a}{section*.24}% 24
\BOOKMARK [3][-]{section*.26}{\376\377\000E\000j\000e\000r\000c\000i\000c\000i\000o\000\040\0004\000.\000b}{section*.24}% 25
\BOOKMARK [3][-]{section*.27}{\376\377\000E\000j\000e\000r\000c\000i\000c\000i\000o\000\040\0004\000.\000c}{section*.24}% 26
\BOOKMARK [3][-]{section*.28}{\376\377\000E\000j\000e\000r\000c\000i\000c\000i\000o\000\040\0004\000.\000d}{section*.24}% 27
\BOOKMARK [3][-]{section*.29}{\376\377\000E\000j\000e\000r\000c\000i\000c\000i\000o\000\040\0004\000.\000e}{section*.24}% 28
\BOOKMARK [2][-]{section*.30}{\376\377\000E\000j\000e\000r\000c\000i\000c\000i\000o\000\040\0005}{section*.3}% 29
\BOOKMARK [3][-]{section*.31}{\376\377\000E\000j\000e\000r\000c\000i\000c\000i\000o\000\040\0005\000.\000a}{section*.30}% 30
\BOOKMARK [3][-]{section*.32}{\376\377\000E\000j\000e\000r\000c\000i\000c\000i\000o\000\040\0005\000.\000b}{section*.30}% 31
\BOOKMARK [3][-]{section*.33}{\376\377\000E\000j\000e\000r\000c\000i\000c\000i\000o\000\040\0005\000.\000c}{section*.30}% 32
\BOOKMARK [3][-]{section*.34}{\376\377\000E\000j\000e\000r\000c\000i\000c\000i\000o\000\040\0005\000.\000d}{section*.30}% 33
\BOOKMARK [3][-]{section*.35}{\376\377\000E\000j\000e\000r\000c\000i\000c\000i\000o\000\040\0005\000.\000e}{section*.30}% 34
\BOOKMARK [3][-]{section*.36}{\376\377\000E\000j\000e\000r\000c\000i\000c\000i\000o\000\040\0005\000.\000f}{section*.30}% 35
\BOOKMARK [3][-]{section*.37}{\376\377\000E\000j\000e\000r\000c\000i\000c\000i\000o\000\040\0005\000.\000g}{section*.30}% 36
\BOOKMARK [3][-]{section*.38}{\376\377\000E\000j\000e\000r\000c\000i\000c\000i\000o\000\040\0005\000.\000h}{section*.30}% 37
\BOOKMARK [2][-]{section*.39}{\376\377\000E\000j\000e\000r\000c\000i\000c\000i\000o\000\040\0006}{section*.3}% 38
